android/app/build/intermediates/manifest_merge_blame_file/release/manifest-merger-blame-release-report.txt
1<?xml version="1.0" encoding="utf-8"?>
2<manifest xmlns:android="http://schemas.android.com/apk/res/android"
3    package="com.bebrandd.branddot"
4    android:versionCode="4194308"
5    android:versionName="1.0.3" >
6
7    <uses-sdk
8        android:minSdkVersion="21"
8-->src/main/AndroidManifest.xml
9        android:targetSdkVersion="29" />
9-->src/main/AndroidManifest.xml
10
11    <uses-permission android:name="android.permission.INTERNET" />
11-->src/main/AndroidManifest.xml:2:3-64
11-->src/main/AndroidManifest.xml:2:20-62
12    <uses-permission android:name="android.permission.READ_INTERNAL_STORAGE" />
12-->src/main/AndroidManifest.xml:3:3-77
12-->src/main/AndroidManifest.xml:3:20-75
13    <uses-permission android:name="android.permission.WRITE_EXTERNAL_STORAGE" />
13-->src/main/AndroidManifest.xml:4:3-78
13-->src/main/AndroidManifest.xml:4:20-76
14    <uses-permission android:name="android.permission.READ_EXTERNAL_STORAGE" />
14-->src/main/AndroidManifest.xml:5:3-77
14-->src/main/AndroidManifest.xml:5:20-75
15    <uses-permission android:name="com.google.android.c2dm.permission.RECEIVE" />
15-->src/main/AndroidManifest.xml:6:3-79
15-->src/main/AndroidManifest.xml:6:20-77
16    <uses-permission android:name="com.android.vending.BILLING" />
16-->src/main/AndroidManifest.xml:7:3-65
16-->src/main/AndroidManifest.xml:7:20-62
17    <!-- Permission will be merged into the manifest of the hosting app. -->
18    <!-- Is required to launch foreground extraction service for targetSdkVersion 28+. -->
19    <uses-permission android:name="android.permission.FOREGROUND_SERVICE" />
19-->[com.google.android.play:core:1.9.0] AndroidManifest.xml:8:3-74
19-->[com.google.android.play:core:1.9.0] AndroidManifest.xml:8:20-72
20    <uses-permission android:name="android.permission.WAKE_LOCK" />
20-->[:react-native-firebase_auth] AndroidManifest.xml:12:5-68
20-->[:react-native-firebase_auth] AndroidManifest.xml:12:22-65
21    <uses-permission android:name="android.permission.ACCESS_NETWORK_STATE" /> <!-- Required for picking images from camera directly -->
21-->[:react-native-firebase_auth] AndroidManifest.xml:13:5-79
21-->[:react-native-firebase_auth] AndroidManifest.xml:13:22-76
22    <uses-permission android:name="android.permission.CAMERA" />
22-->[:expo-image-picker] AndroidManifest.xml:11:5-65
22-->[:expo-image-picker] AndroidManifest.xml:11:22-62
23    <uses-permission android:name="android.permission.ACCESS_COARSE_LOCATION" />
23-->[:expo-location] AndroidManifest.xml:11:5-81
23-->[:expo-location] AndroidManifest.xml:11:22-78
24    <uses-permission android:name="android.permission.ACCESS_FINE_LOCATION" />
24-->[:expo-location] AndroidManifest.xml:12:5-79
24-->[:expo-location] AndroidManifest.xml:12:22-76
25    <uses-permission android:name="com.google.android.finsky.permission.BIND_GET_INSTALL_REFERRER_SERVICE" />
25-->[com.google.android.gms:play-services-measurement:18.0.2] AndroidManifest.xml:26:5-110
25-->[com.google.android.gms:play-services-measurement:18.0.2] AndroidManifest.xml:26:22-107
26    <uses-permission android:name="com.google.android.providers.gsf.permission.READ_GSERVICES" />
26-->[io.nlopez.smartlocation:library:3.2.11] AndroidManifest.xml:15:5-98
26-->[io.nlopez.smartlocation:library:3.2.11] AndroidManifest.xml:15:22-95
27    <uses-permission android:name="com.google.android.gms.permission.ACTIVITY_RECOGNITION" /> <!-- for android -->
27-->[io.nlopez.smartlocation:library:3.2.11] AndroidManifest.xml:16:5-94
27-->[io.nlopez.smartlocation:library:3.2.11] AndroidManifest.xml:16:22-91
28    <!-- <uses-permission android:name="com.android.launcher.permission.READ_SETTINGS"/> -->
29    <!-- <uses-permission android:name="com.android.launcher.permission.WRITE_SETTINGS"/> -->
30    <!-- <uses-permission android:name="com.android.launcher.permission.INSTALL_SHORTCUT" /> -->
31    <!-- <uses-permission android:name="com.android.launcher.permission.UNINSTALL_SHORTCUT" /> -->
32    <!-- for Samsung -->
33    <uses-permission android:name="com.sec.android.provider.badge.permission.READ" />
33-->[me.leolin:ShortcutBadger:1.1.22] AndroidManifest.xml:19:5-86
33-->[me.leolin:ShortcutBadger:1.1.22] AndroidManifest.xml:19:22-83
34    <uses-permission android:name="com.sec.android.provider.badge.permission.WRITE" /> <!-- for htc -->
34-->[me.leolin:ShortcutBadger:1.1.22] AndroidManifest.xml:20:5-87
34-->[me.leolin:ShortcutBadger:1.1.22] AndroidManifest.xml:20:22-84
35    <uses-permission android:name="com.htc.launcher.permission.READ_SETTINGS" />
35-->[me.leolin:ShortcutBadger:1.1.22] AndroidManifest.xml:23:5-81
35-->[me.leolin:ShortcutBadger:1.1.22] AndroidManifest.xml:23:22-78
36    <uses-permission android:name="com.htc.launcher.permission.UPDATE_SHORTCUT" /> <!-- for sony -->
36-->[me.leolin:ShortcutBadger:1.1.22] AndroidManifest.xml:24:5-83
36-->[me.leolin:ShortcutBadger:1.1.22] AndroidManifest.xml:24:22-80
37    <uses-permission android:name="com.sonyericsson.home.permission.BROADCAST_BADGE" />
37-->[me.leolin:ShortcutBadger:1.1.22] AndroidManifest.xml:27:5-88
37-->[me.leolin:ShortcutBadger:1.1.22] AndroidManifest.xml:27:22-85
38    <uses-permission android:name="com.sonymobile.home.permission.PROVIDER_INSERT_BADGE" /> <!-- for apex -->
38-->[me.leolin:ShortcutBadger:1.1.22] AndroidManifest.xml:28:5-92
38-->[me.leolin:ShortcutBadger:1.1.22] AndroidManifest.xml:28:22-89
39    <uses-permission android:name="com.anddoes.launcher.permission.UPDATE_COUNT" /> <!-- for solid -->
39-->[me.leolin:ShortcutBadger:1.1.22] AndroidManifest.xml:31:5-84
39-->[me.leolin:ShortcutBadger:1.1.22] AndroidManifest.xml:31:22-81
40    <uses-permission android:name="com.majeur.launcher.permission.UPDATE_BADGE" /> <!-- for huawei -->
40-->[me.leolin:ShortcutBadger:1.1.22] AndroidManifest.xml:34:5-83
40-->[me.leolin:ShortcutBadger:1.1.22] AndroidManifest.xml:34:22-80
41    <uses-permission android:name="com.huawei.android.launcher.permission.CHANGE_BADGE" />
41-->[me.leolin:ShortcutBadger:1.1.22] AndroidManifest.xml:37:5-91
41-->[me.leolin:ShortcutBadger:1.1.22] AndroidManifest.xml:37:22-88
42    <uses-permission android:name="com.huawei.android.launcher.permission.READ_SETTINGS" />
42-->[me.leolin:ShortcutBadger:1.1.22] AndroidManifest.xml:38:5-92
42-->[me.leolin:ShortcutBadger:1.1.22] AndroidManifest.xml:38:22-89
43    <uses-permission android:name="com.huawei.android.launcher.permission.WRITE_SETTINGS" /> <!-- for ZUK -->
43-->[me.leolin:ShortcutBadger:1.1.22] AndroidManifest.xml:39:5-93
43-->[me.leolin:ShortcutBadger:1.1.22] AndroidManifest.xml:39:22-90
44    <uses-permission android:name="android.permission.READ_APP_BADGE" /> <!-- for OPPO -->
44-->[me.leolin:ShortcutBadger:1.1.22] AndroidManifest.xml:42:5-73
44-->[me.leolin:ShortcutBadger:1.1.22] AndroidManifest.xml:42:22-70
45    <uses-permission android:name="com.oppo.launcher.permission.READ_SETTINGS" />
45-->[me.leolin:ShortcutBadger:1.1.22] AndroidManifest.xml:45:5-82
45-->[me.leolin:ShortcutBadger:1.1.22] AndroidManifest.xml:45:22-79
46    <uses-permission android:name="com.oppo.launcher.permission.WRITE_SETTINGS" /> <!-- for EvMe -->
46-->[me.leolin:ShortcutBadger:1.1.22] AndroidManifest.xml:46:5-83
46-->[me.leolin:ShortcutBadger:1.1.22] AndroidManifest.xml:46:22-80
47    <uses-permission android:name="me.everything.badger.permission.BADGE_COUNT_READ" />
47-->[me.leolin:ShortcutBadger:1.1.22] AndroidManifest.xml:49:5-88
47-->[me.leolin:ShortcutBadger:1.1.22] AndroidManifest.xml:49:22-85
48    <uses-permission android:name="me.everything.badger.permission.BADGE_COUNT_WRITE" />
48-->[me.leolin:ShortcutBadger:1.1.22] AndroidManifest.xml:50:5-89
48-->[me.leolin:ShortcutBadger:1.1.22] AndroidManifest.xml:50:22-86
49
50    <application
50-->src/main/AndroidManifest.xml:9:3-44:17
51        android:name="com.bebrandd.branddot.MainApplication"
51-->src/main/AndroidManifest.xml:9:16-68
52        android:allowBackup="true"
52-->src/main/AndroidManifest.xml:9:183-209
53        android:appComponentFactory="androidx.core.app.CoreComponentFactory"
53-->[androidx.core:core:1.3.0] AndroidManifest.xml:24:18-86
54        android:icon="@mipmap/ic_launcher"
54-->src/main/AndroidManifest.xml:9:102-136
55        android:label="@string/app_name"
55-->src/main/AndroidManifest.xml:9:69-101
56        android:requestLegacyExternalStorage="true"
56-->src/main/AndroidManifest.xml:9:242-285
57        android:roundIcon="@mipmap/ic_launcher_round"
57-->src/main/AndroidManifest.xml:9:137-182
58        android:supportsRtl="true"
58-->[com.facebook.android:facebook-android-sdk:7.1.0] AndroidManifest.xml:28:18-44
59        android:theme="@style/AppTheme" >
59-->src/main/AndroidManifest.xml:9:210-241
60        <meta-data
60-->src/main/AndroidManifest.xml:10:5-94
61            android:name="expo.modules.updates.EXPO_SDK_VERSION"
61-->src/main/AndroidManifest.xml:10:16-68
62            android:value="38.0.0" />
62-->src/main/AndroidManifest.xml:10:69-91
63        <meta-data
63-->src/main/AndroidManifest.xml:11:5-82
64            android:name="expo.modules.updates.ENABLED"
64-->src/main/AndroidManifest.xml:11:16-59
65            android:value="true" />
65-->src/main/AndroidManifest.xml:11:60-80
66        <meta-data
66-->src/main/AndroidManifest.xml:12:5-105
67            android:name="expo.modules.updates.EXPO_UPDATES_CHECK_ON_LAUNCH"
67-->src/main/AndroidManifest.xml:12:16-80
68            android:value="ALWAYS" />
68-->src/main/AndroidManifest.xml:12:81-103
69        <meta-data
69-->src/main/AndroidManifest.xml:13:5-99
70            android:name="expo.modules.updates.EXPO_UPDATES_LAUNCH_WAIT_MS"
70-->src/main/AndroidManifest.xml:13:16-79
71            android:value="0" />
71-->src/main/AndroidManifest.xml:13:80-97
72        <meta-data
72-->src/main/AndroidManifest.xml:14:5-103
73            android:name="com.facebook.sdk.ApplicationId"
73-->src/main/AndroidManifest.xml:14:16-61
74            android:value="@string/facebook_app_id" />
74-->src/main/AndroidManifest.xml:14:62-101
75        <meta-data
75-->src/main/AndroidManifest.xml:15:5-120
76            android:name="expo.modules.updates.EXPO_UPDATE_URL"
76-->src/main/AndroidManifest.xml:15:16-67
77            android:value="https://exp.host/@suratrun/my-app" />
77-->src/main/AndroidManifest.xml:15:68-117
78        <meta-data
78-->src/main/AndroidManifest.xml:16:5-99
79            android:name="expo.modules.updates.EXPO_RELEASE_CHANNEL"
79-->src/main/AndroidManifest.xml:16:16-72
80            android:value="default" />
80-->src/main/AndroidManifest.xml:16:73-96
81        <meta-data
81-->src/main/AndroidManifest.xml:18:5-133
82            android:name="com.google.firebase.messaging.default_notification_icon"
82-->src/main/AndroidManifest.xml:18:18-88
83            android:resource="@mipmap/ic_notification" />
83-->src/main/AndroidManifest.xml:18:89-131
84
85        <activity
85-->src/main/AndroidManifest.xml:20:5-21:114
86            android:name="com.facebook.FacebookActivity"
86-->src/main/AndroidManifest.xml:20:16-60
87            android:configChanges="keyboard|keyboardHidden|screenLayout|screenSize|orientation"
87-->src/main/AndroidManifest.xml:20:61-161
88            android:label="@string/app_name"
88-->src/main/AndroidManifest.xml:21:79-111
89            android:theme="@style/com_facebook_activity_theme" />
89-->[com.facebook.android:facebook-common:7.1.0] AndroidManifest.xml:33:13-63
90        <activity
90-->src/main/AndroidManifest.xml:22:5-29:16
91            android:name="com.facebook.CustomTabActivity"
91-->src/main/AndroidManifest.xml:22:15-60
92            android:exported="true" >
92-->src/main/AndroidManifest.xml:22:61-84
93            <intent-filter>
93-->src/main/AndroidManifest.xml:23:7-28:23
94                <action android:name="android.intent.action.VIEW" />
94-->src/main/AndroidManifest.xml:24:9-61
94-->src/main/AndroidManifest.xml:24:17-58
95
96                <category android:name="android.intent.category.DEFAULT" />
96-->src/main/AndroidManifest.xml:25:9-68
96-->src/main/AndroidManifest.xml:25:19-65
97                <category android:name="android.intent.category.BROWSABLE" />
97-->src/main/AndroidManifest.xml:26:9-70
97-->src/main/AndroidManifest.xml:26:19-67
98
99                <data android:scheme="@string/fb_login_protocol_scheme" />
99-->src/main/AndroidManifest.xml:27:9-67
99-->src/main/AndroidManifest.xml:27:15-64
100            </intent-filter>
101            <intent-filter>
101-->[com.facebook.android:facebook-common:7.1.0] AndroidManifest.xml:39:13-48:29
102                <action android:name="android.intent.action.VIEW" />
102-->src/main/AndroidManifest.xml:24:9-61
102-->src/main/AndroidManifest.xml:24:17-58
103
104                <category android:name="android.intent.category.DEFAULT" />
104-->src/main/AndroidManifest.xml:25:9-68
104-->src/main/AndroidManifest.xml:25:19-65
105                <category android:name="android.intent.category.BROWSABLE" />
105-->src/main/AndroidManifest.xml:26:9-70
105-->src/main/AndroidManifest.xml:26:19-67
106
107                <data
107-->src/main/AndroidManifest.xml:27:9-67
108                    android:host="cct.com.bebrandd.branddot"
109                    android:scheme="fbconnect" />
109-->src/main/AndroidManifest.xml:27:15-64
110            </intent-filter>
111        </activity>
112        <activity
112-->src/main/AndroidManifest.xml:31:5-42:16
113            android:name="com.bebrandd.branddot.MainActivity"
113-->src/main/AndroidManifest.xml:31:15-64
114            android:configChanges="keyboard|keyboardHidden|orientation|screenSize|uiMode"
114-->src/main/AndroidManifest.xml:31:98-175
115            android:label="@string/app_name"
115-->src/main/AndroidManifest.xml:31:65-97
116            android:launchMode="singleTask"
116-->src/main/AndroidManifest.xml:31:176-207
117            android:screenOrientation="portrait"
117-->src/main/AndroidManifest.xml:31:307-343
118            android:theme="@style/SplashScreenTheme"
118-->src/main/AndroidManifest.xml:31:266-306
119            android:windowSoftInputMode="stateAlwaysHidden|adjustPan" >
119-->src/main/AndroidManifest.xml:31:208-265
120            <intent-filter>
120-->src/main/AndroidManifest.xml:32:7-35:23
121                <action android:name="android.intent.action.MAIN" />
121-->src/main/AndroidManifest.xml:33:9-60
121-->src/main/AndroidManifest.xml:33:17-58
122
123                <category android:name="android.intent.category.LAUNCHER" />
123-->src/main/AndroidManifest.xml:34:9-68
123-->src/main/AndroidManifest.xml:34:19-66
124            </intent-filter>
125            <intent-filter>
125-->src/main/AndroidManifest.xml:36:7-41:23
126                <action android:name="android.intent.action.VIEW" />
126-->src/main/AndroidManifest.xml:24:9-61
126-->src/main/AndroidManifest.xml:24:17-58
127
128                <category android:name="android.intent.category.DEFAULT" />
128-->src/main/AndroidManifest.xml:25:9-68
128-->src/main/AndroidManifest.xml:25:19-65
129                <category android:name="android.intent.category.BROWSABLE" />
129-->src/main/AndroidManifest.xml:26:9-70
129-->src/main/AndroidManifest.xml:26:19-67
130
131                <data android:scheme="com.bebrandd.yourdesign" />
131-->src/main/AndroidManifest.xml:27:9-67
131-->src/main/AndroidManifest.xml:27:15-64
132            </intent-filter>
133        </activity>
134        <activity android:name="com.facebook.react.devsupport.DevSettingsActivity" />
134-->src/main/AndroidManifest.xml:43:5-81
134-->src/main/AndroidManifest.xml:43:15-79
135        <!-- The activities will be merged into the manifest of the hosting app. -->
136        <activity
136-->[com.google.android.play:core:1.9.0] AndroidManifest.xml:12:5-271
137            android:name="com.google.android.play.core.missingsplits.PlayCoreMissingSplitsActivity"
137-->[com.google.android.play:core:1.9.0] AndroidManifest.xml:12:15-102
138            android:enabled="false"
138-->[com.google.android.play:core:1.9.0] AndroidManifest.xml:12:103-126
139            android:exported="false"
139-->[com.google.android.play:core:1.9.0] AndroidManifest.xml:12:127-151
140            android:launchMode="singleInstance"
140-->[com.google.android.play:core:1.9.0] AndroidManifest.xml:12:204-239
141            android:process=":playcore_missing_splits_activity"
141-->[com.google.android.play:core:1.9.0] AndroidManifest.xml:12:152-203
142            android:stateNotNeeded="true" />
142-->[com.google.android.play:core:1.9.0] AndroidManifest.xml:12:240-269
143        <activity
143-->[com.google.android.play:core:1.9.0] AndroidManifest.xml:13:5-226
144            android:name="com.google.android.play.core.common.PlayCoreDialogWrapperActivity"
144-->[com.google.android.play:core:1.9.0] AndroidManifest.xml:13:15-95
145            android:enabled="false"
145-->[com.google.android.play:core:1.9.0] AndroidManifest.xml:13:96-119
146            android:exported="false"
146-->[com.google.android.play:core:1.9.0] AndroidManifest.xml:13:120-144
147            android:stateNotNeeded="true"
147-->[com.google.android.play:core:1.9.0] AndroidManifest.xml:13:145-174
148            android:theme="@style/Theme.PlayCore.Transparent" /> <!-- The service will be merged into the manifest of the hosting app. -->
148-->[com.google.android.play:core:1.9.0] AndroidManifest.xml:13:175-224
149        <service
149-->[com.google.android.play:core:1.9.0] AndroidManifest.xml:16:5-145
150            android:name="com.google.android.play.core.assetpacks.AssetPackExtractionService"
150-->[com.google.android.play:core:1.9.0] AndroidManifest.xml:16:14-95
151            android:enabled="false"
151-->[com.google.android.play:core:1.9.0] AndroidManifest.xml:16:96-119
152            android:exported="true" />
152-->[com.google.android.play:core:1.9.0] AndroidManifest.xml:16:120-143
153        <service android:name="io.invertase.firebase.messaging.ReactNativeFirebaseMessagingHeadlessService" />
153-->[:react-native-firebase_messaging] AndroidManifest.xml:16:9-111
153-->[:react-native-firebase_messaging] AndroidManifest.xml:16:18-108
154        <service
154-->[:react-native-firebase_messaging] AndroidManifest.xml:17:9-23:19
155            android:name="io.invertase.firebase.messaging.ReactNativeFirebaseMessagingService"
155-->[:react-native-firebase_messaging] AndroidManifest.xml:18:13-95
156            android:exported="false" >
156-->[:react-native-firebase_messaging] AndroidManifest.xml:19:13-37
157            <intent-filter>
157-->[:react-native-firebase_messaging] AndroidManifest.xml:20:13-22:29
158                <action android:name="com.google.firebase.MESSAGING_EVENT" />
158-->[:react-native-firebase_messaging] AndroidManifest.xml:21:17-78
158-->[:react-native-firebase_messaging] AndroidManifest.xml:21:25-75
159            </intent-filter>
160        </service>
161
162        <receiver
162-->[:react-native-firebase_messaging] AndroidManifest.xml:25:9-32:20
163            android:name="io.invertase.firebase.messaging.ReactNativeFirebaseMessagingReceiver"
163-->[:react-native-firebase_messaging] AndroidManifest.xml:26:13-96
164            android:exported="true"
164-->[:react-native-firebase_messaging] AndroidManifest.xml:27:13-36
165            android:permission="com.google.android.c2dm.permission.SEND" >
165-->[:react-native-firebase_messaging] AndroidManifest.xml:28:13-73
166            <intent-filter>
166-->[:react-native-firebase_messaging] AndroidManifest.xml:29:13-31:29
167                <action android:name="com.google.android.c2dm.intent.RECEIVE" />
167-->[:react-native-firebase_messaging] AndroidManifest.xml:30:17-81
167-->[:react-native-firebase_messaging] AndroidManifest.xml:30:25-78
168            </intent-filter>
169        </receiver>
170
171        <meta-data
171-->[:react-native-firebase_messaging] AndroidManifest.xml:34:9-36:36
172            android:name="firebase_messaging_auto_init_enabled"
172-->[:react-native-firebase_messaging] AndroidManifest.xml:35:13-64
173            android:value="true" />
173-->[:react-native-firebase_messaging] AndroidManifest.xml:36:13-33
174        <meta-data
174-->[:react-native-firebase_messaging] AndroidManifest.xml:37:9-39:32
175            android:name="com.google.firebase.messaging.default_notification_channel_id"
175-->[:react-native-firebase_messaging] AndroidManifest.xml:38:13-89
176            android:value="" />
176-->[:react-native-firebase_messaging] AndroidManifest.xml:39:13-29
177        <meta-data
177-->[:react-native-firebase_messaging] AndroidManifest.xml:40:9-42:47
178            android:name="com.google.firebase.messaging.default_notification_color"
178-->[:react-native-firebase_messaging] AndroidManifest.xml:41:13-84
179            android:resource="@color/white" />
179-->[:react-native-firebase_messaging] AndroidManifest.xml:42:13-44
180        <meta-data
180-->[:unimodules-react-native-adapter] AndroidManifest.xml:12:9-14:91
181            android:name="org.unimodules.core.AppLoader#react-native-headless"
181-->[:unimodules-react-native-adapter] AndroidManifest.xml:13:13-79
182            android:value="org.unimodules.adapters.react.apploader.RNHeadlessAppLoader" />
182-->[:unimodules-react-native-adapter] AndroidManifest.xml:14:13-88
183
184        <provider
184-->[:react-native-share] AndroidManifest.xml:10:9-18:20
185            android:name="cl.json.RNShareFileProvider"
185-->[:react-native-share] AndroidManifest.xml:11:13-55
186            android:authorities="com.bebrandd.branddot.rnshare.fileprovider"
186-->[:react-native-share] AndroidManifest.xml:12:13-72
187            android:exported="false"
187-->[:react-native-share] AndroidManifest.xml:13:13-37
188            android:grantUriPermissions="true" >
188-->[:react-native-share] AndroidManifest.xml:14:13-47
189            <meta-data
189-->[:react-native-share] AndroidManifest.xml:15:13-17:64
190                android:name="android.support.FILE_PROVIDER_PATHS"
190-->[:react-native-share] AndroidManifest.xml:16:17-67
191                android:resource="@xml/share_download_paths" />
191-->[:react-native-share] AndroidManifest.xml:17:17-61
192        </provider>
193        <provider
193-->[:react-native-webview] AndroidManifest.xml:12:9-20:20
194            android:name="com.reactnativecommunity.webview.RNCWebViewFileProvider"
194-->[:react-native-webview] AndroidManifest.xml:13:13-83
195            android:authorities="com.bebrandd.branddot.fileprovider"
195-->[:react-native-webview] AndroidManifest.xml:14:13-64
196            android:exported="false"
196-->[:react-native-webview] AndroidManifest.xml:15:13-37
197            android:grantUriPermissions="true" >
197-->[:react-native-webview] AndroidManifest.xml:16:13-47
198            <meta-data
198-->[:react-native-share] AndroidManifest.xml:15:13-17:64
199                android:name="android.support.FILE_PROVIDER_PATHS"
199-->[:react-native-share] AndroidManifest.xml:16:17-67
200                android:resource="@xml/file_provider_paths" />
200-->[:react-native-share] AndroidManifest.xml:17:17-61
201        </provider>
202        <provider
202-->[:expo-file-system] AndroidManifest.xml:17:9-26:20
203            android:name="expo.modules.filesystem.FileSystemFileProvider"
203-->[:expo-file-system] AndroidManifest.xml:18:13-74
204            android:authorities="com.bebrandd.branddot.FileSystemFileProvider"
204-->[:expo-file-system] AndroidManifest.xml:19:13-74
205            android:exported="false"
205-->[:expo-file-system] AndroidManifest.xml:20:13-37
206            android:grantUriPermissions="true" >
206-->[:expo-file-system] AndroidManifest.xml:21:13-47
207            <meta-data
207-->[:react-native-share] AndroidManifest.xml:15:13-17:64
208                android:name="android.support.FILE_PROVIDER_PATHS"
208-->[:react-native-share] AndroidManifest.xml:16:17-67
209                android:resource="@xml/file_system_provider_paths" />
209-->[:react-native-share] AndroidManifest.xml:17:17-61
210        </provider> <!-- https://developer.android.com/guide/topics/manifest/provider-element.html -->
211        <provider
211-->[:expo-image-picker] AndroidManifest.xml:20:9-28:20
212            android:name="expo.modules.imagepicker.ImagePickerFileProvider"
212-->[:expo-image-picker] AndroidManifest.xml:21:13-76
213            android:authorities="com.bebrandd.branddot.ImagePickerFileProvider"
213-->[:expo-image-picker] AndroidManifest.xml:22:13-75
214            android:exported="false"
214-->[:expo-image-picker] AndroidManifest.xml:23:13-37
215            android:grantUriPermissions="true" >
215-->[:expo-image-picker] AndroidManifest.xml:24:13-47
216            <meta-data
216-->[:react-native-share] AndroidManifest.xml:15:13-17:64
217                android:name="android.support.FILE_PROVIDER_PATHS"
217-->[:react-native-share] AndroidManifest.xml:16:17-67
218                android:resource="@xml/image_picker_provider_paths" />
218-->[:react-native-share] AndroidManifest.xml:17:17-61
219        </provider>
220        <provider
220-->[:expo-sharing] AndroidManifest.xml:12:9-20:20
221            android:name="expo.modules.sharing.SharingFileProvider"
221-->[:expo-sharing] AndroidManifest.xml:13:13-68
222            android:authorities="com.bebrandd.branddot.SharingFileProvider"
222-->[:expo-sharing] AndroidManifest.xml:14:13-71
223            android:exported="false"
223-->[:expo-sharing] AndroidManifest.xml:15:13-37
224            android:grantUriPermissions="true" >
224-->[:expo-sharing] AndroidManifest.xml:16:13-47
225            <meta-data
225-->[:react-native-share] AndroidManifest.xml:15:13-17:64
226                android:name="android.support.FILE_PROVIDER_PATHS"
226-->[:react-native-share] AndroidManifest.xml:16:17-67
227                android:resource="@xml/sharing_provider_paths" />
227-->[:react-native-share] AndroidManifest.xml:17:17-61
228        </provider>
229
230        <activity android:name="com.facebook.CustomTabMainActivity" />
230-->[com.facebook.android:facebook-common:7.1.0] AndroidManifest.xml:34:9-71
230-->[com.facebook.android:facebook-common:7.1.0] AndroidManifest.xml:34:19-68
231
232        <service
232-->[:expo-location] AndroidManifest.xml:16:9-18:40
233            android:name="expo.modules.location.services.LocationTaskService"
233-->[:expo-location] AndroidManifest.xml:17:13-78
234            android:exported="false" />
234-->[:expo-location] AndroidManifest.xml:18:13-37
235
236        <receiver
236-->[com.google.android.gms:play-services-measurement:18.0.2] AndroidManifest.xml:29:9-33:20
237            android:name="com.google.android.gms.measurement.AppMeasurementReceiver"
237-->[com.google.android.gms:play-services-measurement:18.0.2] AndroidManifest.xml:30:13-85
238            android:enabled="true"
238-->[com.google.android.gms:play-services-measurement:18.0.2] AndroidManifest.xml:31:13-35
239            android:exported="false" >
239-->[com.google.android.gms:play-services-measurement:18.0.2] AndroidManifest.xml:32:13-37
240        </receiver>
241
242        <service
242-->[com.google.android.gms:play-services-measurement:18.0.2] AndroidManifest.xml:35:9-38:40
243            android:name="com.google.android.gms.measurement.AppMeasurementService"
243-->[com.google.android.gms:play-services-measurement:18.0.2] AndroidManifest.xml:36:13-84
244            android:enabled="true"
244-->[com.google.android.gms:play-services-measurement:18.0.2] AndroidManifest.xml:37:13-35
245            android:exported="false" />
245-->[com.google.android.gms:play-services-measurement:18.0.2] AndroidManifest.xml:38:13-37
246        <service
246-->[com.google.android.gms:play-services-measurement:18.0.2] AndroidManifest.xml:39:9-43:72
247            android:name="com.google.android.gms.measurement.AppMeasurementJobService"
247-->[com.google.android.gms:play-services-measurement:18.0.2] AndroidManifest.xml:40:13-87
248            android:enabled="true"
248-->[com.google.android.gms:play-services-measurement:18.0.2] AndroidManifest.xml:41:13-35
249            android:exported="false"
249-->[com.google.android.gms:play-services-measurement:18.0.2] AndroidManifest.xml:42:13-37
250            android:permission="android.permission.BIND_JOB_SERVICE" />
250-->[com.google.android.gms:play-services-measurement:18.0.2] AndroidManifest.xml:43:13-69
251        <service
251-->[com.google.android.gms:play-services-measurement-api:18.0.2] AndroidManifest.xml:27:9-33:19
252            android:name="com.google.firebase.components.ComponentDiscoveryService"
252-->[com.google.android.gms:play-services-measurement-api:18.0.2] AndroidManifest.xml:28:13-84
253            android:directBootAware="true"
253-->[com.google.firebase:firebase-common:19.5.0] AndroidManifest.xml:35:13-43
254            android:exported="false" >
254-->[com.google.android.gms:play-services-measurement-api:18.0.2] AndroidManifest.xml:29:13-37
255            <meta-data
255-->[com.google.android.gms:play-services-measurement-api:18.0.2] AndroidManifest.xml:30:13-32:85
256                android:name="com.google.firebase.components:com.google.firebase.analytics.connector.internal.AnalyticsConnectorRegistrar"
256-->[com.google.android.gms:play-services-measurement-api:18.0.2] AndroidManifest.xml:31:17-139
257                android:value="com.google.firebase.components.ComponentRegistrar" />
257-->[com.google.android.gms:play-services-measurement-api:18.0.2] AndroidManifest.xml:32:17-82
258            <meta-data
258-->[com.google.firebase:firebase-auth:20.0.2] AndroidManifest.xml:77:13-79:85
259                android:name="com.google.firebase.components:com.google.firebase.auth.FirebaseAuthRegistrar"
259-->[com.google.firebase:firebase-auth:20.0.2] AndroidManifest.xml:78:17-109
260                android:value="com.google.firebase.components.ComponentRegistrar" />
260-->[com.google.firebase:firebase-auth:20.0.2] AndroidManifest.xml:79:17-82
261            <meta-data
261-->[com.google.firebase:firebase-messaging:21.0.1] AndroidManifest.xml:39:13-41:85